\BOOKMARK [1][-]{section.1}{Introduction and Objectives}{}% 1
\BOOKMARK [1][-]{section.2}{Data and Processing}{}% 2
\BOOKMARK [1][-]{section.3}{Methodology}{}% 3
\BOOKMARK [2][-]{subsection.3.1}{Mean-Variance Optimization}{section.3}% 4
\BOOKMARK [3][-]{subsubsection.3.1.1}{Model A: Minimize Risk}{subsection.3.1}% 5
\BOOKMARK [3][-]{subsubsection.3.1.2}{Model B: Maximize Return}{subsection.3.1}% 6
\BOOKMARK [3][-]{subsubsection.3.1.3}{Model C: Risk-Return Trade-off}{subsection.3.1}% 7
\BOOKMARK [3][-]{subsubsection.3.1.4}{Model D: Risk-Return Asset Turnover Trade-off}{subsection.3.1}% 8
\BOOKMARK [3][-]{subsubsection.3.1.5}{Model E: Mixed Integer Quadratic Programming}{subsection.3.1}% 9
\BOOKMARK [3][-]{subsubsection.3.1.6}{Model F: Robust Risk-Return Trade-off with Ellipsoidal Uncertainty Set}{subsection.3.1}% 10
\BOOKMARK [3][-]{subsubsection.3.1.7}{Model G: Robust Risk-Return with Ellipsoidal Uncertainty Set and Asset Turnover Trade-off}{subsection.3.1}% 11
\BOOKMARK [2][-]{subsection.3.2}{Factor Determination}{section.3}% 12
\BOOKMARK [3][-]{subsubsection.3.2.1}{Capital Asset Pricing Model \(CAPM\)}{subsection.3.2}% 13
\BOOKMARK [3][-]{subsubsection.3.2.2}{Five Factor Fama-French Model}{subsection.3.2}% 14
\BOOKMARK [3][-]{subsubsection.3.2.3}{Combination of Three Factors}{subsection.3.2}% 15
\BOOKMARK [3][-]{subsubsection.3.2.4}{Ordinary Least Squares \(OLS\) Regression}{subsection.3.2}% 16
\BOOKMARK [2][-]{subsection.3.3}{Model Constraints}{section.3}% 17
\BOOKMARK [3][-]{subsubsection.3.3.1}{Lambdas}{subsection.3.3}% 18
\BOOKMARK [3][-]{subsubsection.3.3.2}{Short Selling}{subsection.3.3}% 19
\BOOKMARK [3][-]{subsubsection.3.3.3}{Exposure Limits}{subsection.3.3}% 20
\BOOKMARK [2][-]{subsection.3.4}{Data Segmentation}{section.3}% 21
\BOOKMARK [3][-]{subsubsection.3.4.1}{Bull Market}{subsection.3.4}% 22
\BOOKMARK [3][-]{subsubsection.3.4.2}{Bear Market}{subsection.3.4}% 23
\BOOKMARK [1][-]{section.4}{Analysis and Discussion}{}% 24
\BOOKMARK [2][-]{subsection.4.1}{First Round Analysis}{section.4}% 25
\BOOKMARK [2][-]{subsection.4.2}{Second Round Analysis}{section.4}% 26
\BOOKMARK [3][-]{subsubsection.4.2.1}{OLS}{subsection.4.2}% 27
\BOOKMARK [3][-]{subsubsection.4.2.2}{Short Selling and Exposure Limits}{subsection.4.2}% 28
\BOOKMARK [3][-]{subsubsection.4.2.3}{Adjusting Lambdas}{subsection.4.2}% 29
\BOOKMARK [1][-]{section.5}{Final Model Recommendation and Conclusion}{}% 30
